<?xml version="1.0" encoding="UTF-8"?>
<!-- Generated by org.testng.reporters.JUnitXMLReporter -->
<testsuite hostname="Mirek-Komputer" name="Default test" tests="3" failures="0" timestamp="9 Jan 2012 08:13:23 GMT" time="0.051" errors="0">
  <testcase name="@BeforeClass createAndStartService" time="0.0" classname="Webdriver.Hyves">
    <failure type="org.testng.TestNGException" message="
Parameter &amp;apos;xBrowser&amp;apos; is required by @Configuration on method createAndStartService
but has not been marked @Optional or defined in C:\Users\Mirek\AppData\Local\Temp\testng-eclipse-1967450709\testng-customsuite.xml">
      <![CDATA[org.testng.TestNGException: 
Parameter 'xBrowser' is required by @Configuration on method createAndStartService
but has not been marked @Optional or defined in C:\Users\Mirek\AppData\Local\Temp\testng-eclipse-1967450709\testng-customsuite.xml
	at org.testng.internal.Parameters.createParameters(Parameters.java:144)
	at org.testng.internal.Parameters.createParameters(Parameters.java:342)
	at org.testng.internal.Parameters.createConfigurationParameters(Parameters.java:78)
	at org.testng.internal.Invoker.invokeConfigurations(Invoker.java:198)
	at org.testng.internal.Invoker.invokeConfigurations(Invoker.java:138)
	at org.testng.internal.TestMethodWorker.invokeBeforeClassMethods(TestMethodWorker.java:175)
	at org.testng.internal.TestMethodWorker.run(TestMethodWorker.java:107)
	at org.testng.TestRunner.privateRun(TestRunner.java:753)
	at org.testng.TestRunner.run(TestRunner.java:613)
	at org.testng.SuiteRunner.runTest(SuiteRunner.java:335)
	at org.testng.SuiteRunner.runSequentially(SuiteRunner.java:330)
	at org.testng.SuiteRunner.privateRun(SuiteRunner.java:292)
	at org.testng.SuiteRunner.run(SuiteRunner.java:241)
	at org.testng.SuiteRunnerWorker.runSuite(SuiteRunnerWorker.java:52)
	at org.testng.SuiteRunnerWorker.run(SuiteRunnerWorker.java:86)
	at org.testng.TestNG.runSuitesSequentially(TestNG.java:1169)
	at org.testng.TestNG.runSuitesLocally(TestNG.java:1094)
	at org.testng.TestNG.run(TestNG.java:1006)
	at org.testng.remote.RemoteTestNG.run(RemoteTestNG.java:107)
	at org.testng.remote.RemoteTestNG.initAndRun(RemoteTestNG.java:199)
	at org.testng.remote.RemoteTestNG.main(RemoteTestNG.java:170)
]]>
    </failure>
  </testcase>
  <testcase name="@AfterMethod createAndStopService" time="0.0" classname="Webdriver.Hyves">
    <skipped/>
  </testcase>
  <testcase name="openGamePage" time="0.0020" classname="Webdriver.Hyves">
    <skipped/>
  </testcase>
  <testcase name="openGamePage1" time="0.0" classname="Webdriver.Hyves">
    <skipped/>
  </testcase>
  <testcase name="openGamePage2" time="0.0010" classname="Webdriver.Hyves">
    <skipped/>
  </testcase>
</testsuite>
