<?xml version="1.0" encoding="UTF-8"?>
<!-- Generated by org.testng.reporters.JUnitXMLReporter -->
<testsuite hostname="Mirek-Komputer" name="SignIn" tests="1" failures="1" timestamp="7 Dec 2011 12:13:55 GMT" time="9.326" errors="0">
  <testcase name="signUp" time="6.453" classname="Webdriver.SIGN_IN">
    <failure type="org.openqa.selenium.ElementNotVisibleException" message="Cannot click on element (WARNING: The server did not provide any stacktrace information); duration or timeout: 183 milliseconds
Build info: version: &amp;apos;2.12.0&amp;apos;, revision: &amp;apos;14666&amp;apos;, time: &amp;apos;2011-11-10 18:35:23&amp;apos;
System info: os.name: &amp;apos;Windows 7&amp;apos;, os.arch: &amp;apos;amd64&amp;apos;, os.version: &amp;apos;6.1&amp;apos;, java.version: &amp;apos;1.6.0_23&amp;apos;
Driver info: driver.version: RemoteWebDriver">
      <![CDATA[org.openqa.selenium.ElementNotVisibleException: Cannot click on element (WARNING: The server did not provide any stacktrace information); duration or timeout: 183 milliseconds
Build info: version: '2.12.0', revision: '14666', time: '2011-11-10 18:35:23'
System info: os.name: 'Windows 7', os.arch: 'amd64', os.version: '6.1', java.version: '1.6.0_23'
Driver info: driver.version: RemoteWebDriver
	at org.openqa.selenium.remote.ErrorHandler.createThrowable(ErrorHandler.java:147)
	at org.openqa.selenium.remote.ErrorHandler.throwIfResponseFailed(ErrorHandler.java:113)
	at org.openqa.selenium.remote.RemoteWebDriver.execute(RemoteWebDriver.java:416)
	at org.openqa.selenium.remote.RemoteWebElement.execute(RemoteWebElement.java:231)
	at org.openqa.selenium.remote.RemoteWebElement.click(RemoteWebElement.java:72)
	at Webdriver.SIGN_IN.signUp(SIGN_IN.java:46)
... Removed 28 stack frames]]>
    </failure>
  </testcase>
</testsuite>
