<?xml version="1.0" encoding="UTF-8"?>
<!-- Generated by org.testng.reporters.JUnitXMLReporter -->
<testsuite hostname="Mirek-Komputer" name="Hyves_IE" tests="2" failures="2" timestamp="19 Jan 2012 13:51:06 GMT" time="115.892" errors="0">
  <testcase name="openGamePage" time="71.664" classname="Webdriver.Hyves">
    <failure type="org.openqa.selenium.NoSuchElementException" message="Unable to find element with css selector == a[title=Crystical] (WARNING: The server did not provide any stacktrace information); duration or timeout: 457 milliseconds
For documentation on this error, please visit: http://seleniumhq.org/exceptions/no_such_element.html
Build info: version: &amp;apos;2.12.0&amp;apos;, revision: &amp;apos;14666&amp;apos;, time: &amp;apos;2011-11-10 18:35:23&amp;apos;
System info: os.name: &amp;apos;Windows 7&amp;apos;, os.arch: &amp;apos;x86&amp;apos;, os.version: &amp;apos;6.1&amp;apos;, java.version: &amp;apos;1.6.0_29&amp;apos;
Driver info: driver.version: EventFiringWebDriver; duration or timeout: 1.12 seconds
For documentation on this error, please visit: http://seleniumhq.org/exceptions/no_such_element.html
Build info: version: &amp;apos;2.12.0&amp;apos;, revision: &amp;apos;14666&amp;apos;, time: &amp;apos;2011-11-10 18:35:23&amp;apos;
System info: os.name: &amp;apos;Windows 7&amp;apos;, os.arch: &amp;apos;amd64&amp;apos;, os.version: &amp;apos;6.1&amp;apos;, java.version: &amp;apos;1.6.0_23&amp;apos;
Driver info: driver.version: RemoteWebDriver">
      <![CDATA[org.openqa.selenium.NoSuchElementException: Unable to find element with css selector == a[title=Crystical] (WARNING: The server did not provide any stacktrace information); duration or timeout: 457 milliseconds
For documentation on this error, please visit: http://seleniumhq.org/exceptions/no_such_element.html
Build info: version: '2.12.0', revision: '14666', time: '2011-11-10 18:35:23'
System info: os.name: 'Windows 7', os.arch: 'x86', os.version: '6.1', java.version: '1.6.0_29'
Driver info: driver.version: EventFiringWebDriver; duration or timeout: 1.12 seconds
For documentation on this error, please visit: http://seleniumhq.org/exceptions/no_such_element.html
Build info: version: '2.12.0', revision: '14666', time: '2011-11-10 18:35:23'
System info: os.name: 'Windows 7', os.arch: 'amd64', os.version: '6.1', java.version: '1.6.0_23'
Driver info: driver.version: RemoteWebDriver
	at org.openqa.selenium.remote.ErrorHandler.createThrowable(ErrorHandler.java:147)
	at org.openqa.selenium.remote.ErrorHandler.throwIfResponseFailed(ErrorHandler.java:113)
	at org.openqa.selenium.remote.RemoteWebDriver.execute(RemoteWebDriver.java:416)
	at org.openqa.selenium.remote.RemoteWebDriver.findElement(RemoteWebDriver.java:205)
	at org.openqa.selenium.remote.RemoteWebDriver.findElementByCssSelector(RemoteWebDriver.java:270)
	at org.openqa.selenium.By$ByCssSelector.findElement(By.java:401)
	at org.openqa.selenium.remote.RemoteWebDriver.findElement(RemoteWebDriver.java:197)
	at Webdriver.Hyves.openGamePage(Hyves.java:42)
	at java.util.concurrent.ThreadPoolExecutor$Worker.runTask(Unknown Source)
	at java.util.concurrent.ThreadPoolExecutor$Worker.run(Unknown Source)
	at java.lang.Thread.run(Unknown Source)
Caused by: org.openqa.selenium.remote.ScreenshotException: Screen shot has been taken
Build info: version: '2.12.0', revision: '14666', time: '2011-11-10 18:35:23'
System info: os.name: 'Windows 7', os.arch: 'amd64', os.version: '6.1', java.version: '1.6.0_23'
Driver info: driver.version: RemoteWebDriver
	at org.openqa.selenium.remote.ErrorHandler.throwIfResponseFailed(ErrorHandler.java:101)
	... 25 more
Caused by: org.openqa.selenium.NoSuchElementException: Unable to find element with css selector == a[title=Crystical] (WARNING: The server did not provide any stacktrace information); duration or timeout: 457 milliseconds
For documentation on this error, please visit: http://seleniumhq.org/exceptions/no_such_element.html
Build info: version: '2.12.0', revision: '14666', time: '2011-11-10 18:35:23'
System info: os.name: 'Windows 7', os.arch: 'x86', os.version: '6.1', java.version: '1.6.0_29'
Driver info: driver.version: EventFiringWebDriver
For documentation on this error, please visit: http://seleniumhq.org/exceptions/no_such_element.html
Build info: version: '2.12.0', revision: '14666', time: '2011-11-10 18:35:23'
System info: os.name: 'Windows 7', os.arch: 'amd64', os.version: '6.1', java.version: '1.6.0_23'
Driver info: driver.version: EventFiringWebDriver
	at org.openqa.selenium.remote.ErrorHandler.createThrowable(ErrorHandler.java:147)
	at org.openqa.selenium.remote.ErrorHandler.throwIfResponseFailed(ErrorHandler.java:113)
	at org.openqa.selenium.remote.RemoteWebDriver.execute(RemoteWebDriver.java:416)
	at org.openqa.selenium.remote.RemoteWebDriver.findElement(RemoteWebDriver.java:205)
	at org.openqa.selenium.remote.RemoteWebDriver.findElementByCssSelector(RemoteWebDriver.java:270)
	at org.openqa.selenium.By$ByCssSelector.findElement(By.java:401)
	at org.openqa.selenium.remote.RemoteWebDriver.findElement(RemoteWebDriver.java:197)
	at org.openqa.selenium.support.events.EventFiringWebDriver$2.invoke(EventFiringWebDriver.java:99)
	at $Proxy2.findElement(Unknown Source)
	at org.openqa.selenium.support.events.EventFiringWebDriver.findElement(EventFiringWebDriver.java:178)
	at org.openqa.selenium.remote.server.handler.FindElement.call(FindElement.java:48)
	at org.openqa.selenium.remote.server.handler.FindElement.call(FindElement.java:1)
	at java.util.concurrent.FutureTask$Sync.innerRun(Unknown Source)
	at java.util.concurrent.FutureTask.run(Unknown Source)
	... 3 more
... Removed 27 stack frames]]>
    </failure>
  </testcase>
  <testcase name="openGamePage1" time="36.896" classname="Webdriver.Hyves">
    <failure type="org.openqa.selenium.NoSuchElementException" message="Unable to find element with css selector == a[title=Crystical] (WARNING: The server did not provide any stacktrace information); duration or timeout: 593 milliseconds
For documentation on this error, please visit: http://seleniumhq.org/exceptions/no_such_element.html
Build info: version: &amp;apos;2.12.0&amp;apos;, revision: &amp;apos;14666&amp;apos;, time: &amp;apos;2011-11-10 18:35:23&amp;apos;
System info: os.name: &amp;apos;Windows 7&amp;apos;, os.arch: &amp;apos;x86&amp;apos;, os.version: &amp;apos;6.1&amp;apos;, java.version: &amp;apos;1.6.0_29&amp;apos;
Driver info: driver.version: EventFiringWebDriver; duration or timeout: 1.09 seconds
For documentation on this error, please visit: http://seleniumhq.org/exceptions/no_such_element.html
Build info: version: &amp;apos;2.12.0&amp;apos;, revision: &amp;apos;14666&amp;apos;, time: &amp;apos;2011-11-10 18:35:23&amp;apos;
System info: os.name: &amp;apos;Windows 7&amp;apos;, os.arch: &amp;apos;amd64&amp;apos;, os.version: &amp;apos;6.1&amp;apos;, java.version: &amp;apos;1.6.0_23&amp;apos;
Driver info: driver.version: RemoteWebDriver">
      <![CDATA[org.openqa.selenium.NoSuchElementException: Unable to find element with css selector == a[title=Crystical] (WARNING: The server did not provide any stacktrace information); duration or timeout: 593 milliseconds
For documentation on this error, please visit: http://seleniumhq.org/exceptions/no_such_element.html
Build info: version: '2.12.0', revision: '14666', time: '2011-11-10 18:35:23'
System info: os.name: 'Windows 7', os.arch: 'x86', os.version: '6.1', java.version: '1.6.0_29'
Driver info: driver.version: EventFiringWebDriver; duration or timeout: 1.09 seconds
For documentation on this error, please visit: http://seleniumhq.org/exceptions/no_such_element.html
Build info: version: '2.12.0', revision: '14666', time: '2011-11-10 18:35:23'
System info: os.name: 'Windows 7', os.arch: 'amd64', os.version: '6.1', java.version: '1.6.0_23'
Driver info: driver.version: RemoteWebDriver
	at org.openqa.selenium.remote.ErrorHandler.createThrowable(ErrorHandler.java:147)
	at org.openqa.selenium.remote.ErrorHandler.throwIfResponseFailed(ErrorHandler.java:113)
	at org.openqa.selenium.remote.RemoteWebDriver.execute(RemoteWebDriver.java:416)
	at org.openqa.selenium.remote.RemoteWebDriver.findElement(RemoteWebDriver.java:205)
	at org.openqa.selenium.remote.RemoteWebDriver.findElementByCssSelector(RemoteWebDriver.java:270)
	at org.openqa.selenium.By$ByCssSelector.findElement(By.java:401)
	at org.openqa.selenium.remote.RemoteWebDriver.findElement(RemoteWebDriver.java:197)
	at Webdriver.Hyves.openGamePage1(Hyves.java:70)
	at java.util.concurrent.ThreadPoolExecutor$Worker.runTask(Unknown Source)
	at java.util.concurrent.ThreadPoolExecutor$Worker.run(Unknown Source)
	at java.lang.Thread.run(Unknown Source)
Caused by: org.openqa.selenium.remote.ScreenshotException: Screen shot has been taken
Build info: version: '2.12.0', revision: '14666', time: '2011-11-10 18:35:23'
System info: os.name: 'Windows 7', os.arch: 'amd64', os.version: '6.1', java.version: '1.6.0_23'
Driver info: driver.version: RemoteWebDriver
	at org.openqa.selenium.remote.ErrorHandler.throwIfResponseFailed(ErrorHandler.java:101)
	... 25 more
Caused by: org.openqa.selenium.NoSuchElementException: Unable to find element with css selector == a[title=Crystical] (WARNING: The server did not provide any stacktrace information); duration or timeout: 593 milliseconds
For documentation on this error, please visit: http://seleniumhq.org/exceptions/no_such_element.html
Build info: version: '2.12.0', revision: '14666', time: '2011-11-10 18:35:23'
System info: os.name: 'Windows 7', os.arch: 'x86', os.version: '6.1', java.version: '1.6.0_29'
Driver info: driver.version: EventFiringWebDriver
For documentation on this error, please visit: http://seleniumhq.org/exceptions/no_such_element.html
Build info: version: '2.12.0', revision: '14666', time: '2011-11-10 18:35:23'
System info: os.name: 'Windows 7', os.arch: 'amd64', os.version: '6.1', java.version: '1.6.0_23'
Driver info: driver.version: EventFiringWebDriver
	at org.openqa.selenium.remote.ErrorHandler.createThrowable(ErrorHandler.java:147)
	at org.openqa.selenium.remote.ErrorHandler.throwIfResponseFailed(ErrorHandler.java:113)
	at org.openqa.selenium.remote.RemoteWebDriver.execute(RemoteWebDriver.java:416)
	at org.openqa.selenium.remote.RemoteWebDriver.findElement(RemoteWebDriver.java:205)
	at org.openqa.selenium.remote.RemoteWebDriver.findElementByCssSelector(RemoteWebDriver.java:270)
	at org.openqa.selenium.By$ByCssSelector.findElement(By.java:401)
	at org.openqa.selenium.remote.RemoteWebDriver.findElement(RemoteWebDriver.java:197)
	at org.openqa.selenium.support.events.EventFiringWebDriver$2.invoke(EventFiringWebDriver.java:99)
	at $Proxy2.findElement(Unknown Source)
	at org.openqa.selenium.support.events.EventFiringWebDriver.findElement(EventFiringWebDriver.java:178)
	at org.openqa.selenium.remote.server.handler.FindElement.call(FindElement.java:48)
	at org.openqa.selenium.remote.server.handler.FindElement.call(FindElement.java:1)
	at java.util.concurrent.FutureTask$Sync.innerRun(Unknown Source)
	at java.util.concurrent.FutureTask.run(Unknown Source)
	... 3 more
... Removed 27 stack frames]]>
    </failure>
  </testcase>
</testsuite>
